<?xml version="1.0" encoding="UTF-8"?>
<testsuite name="doctomeet.app.MessageUtilsTest" tests="1" skipped="0" failures="0" errors="0" timestamp="2024-09-21T21:35:58" hostname="TXRMM-JX264J3" time="0.004">
  <properties/>
  <testcase name="testGetMessage()" classname="doctomeet.app.MessageUtilsTest" time="0.004"/>
  <system-out><![CDATA[]]></system-out>
  <system-err><![CDATA[]]></system-err>
</testsuite>
